{
  "numFailedTestSuites": 0,
  "numFailedTests": 0,
  "numPassedTestSuites": 2,
  "numPassedTests": 2,
  "numPendingTestSuites": 0,
  "numPendingTests": 0,
  "numRuntimeErrorTestSuites": 0,
  "numTodoTests": 0,
  "numTotalTestSuites": 2,
  "numTotalTests": 2,
  "openHandles": [],
  "snapshot": {
    "added": 0,
    "didUpdate": false,
    "failure": false,
    "filesAdded": 0,
    "filesRemoved": 0,
    "filesRemovedList": [],
    "filesUnmatched": 0,
    "filesUpdated": 0,
    "matched": 0,
    "total": 0,
    "unchecked": 0,
    "uncheckedKeysByFile": [],
    "unmatched": 0,
    "updated": 0
  },
  "startTime": 1622263902444,
  "success": false,
  "testResults": [
    {
      "leaks": false,
      "numFailingTests": 0,
      "numPassingTests": 1,
      "numPendingTests": 0,
      "numTodoTests": 0,
      "openHandles": [],
      "perfStats": {
        "end": 1622263918396,
        "runtime": 15830,
        "slow": true,
        "start": 1622263902566
      },
      "skipped": false,
      "snapshot": {
        "added": 0,
        "fileDeleted": false,
        "matched": 0,
        "unchecked": 0,
        "unmatched": 0,
        "updated": 0,
        "uncheckedKeys": []
      },
      "testFilePath": "/home/tcronin/src/node-101/test/svc/dao/CustomerSvc.spec.ts",
      "testResults": [
        {
          "ancestorTitles": [
            "CustomerSvc Test"
          ],
          "duration": 243,
          "failureDetails": [],
          "failureMessages": [],
          "fullName": "CustomerSvc Test insert/select",
          "location": null,
          "numPassingAsserts": 0,
          "status": "passed",
          "title": "insert/select"
        }
      ],
      "failureMessage": null
    },
    {
      "leaks": false,
      "numFailingTests": 0,
      "numPassingTests": 1,
      "numPendingTests": 0,
      "numTodoTests": 0,
      "openHandles": [],
      "perfStats": {
        "end": 1622263919786,
        "runtime": 1255,
        "slow": false,
        "start": 1622263918531
      },
      "skipped": false,
      "snapshot": {
        "added": 0,
        "fileDeleted": false,
        "matched": 0,
        "unchecked": 0,
        "unmatched": 0,
        "updated": 0,
        "uncheckedKeys": []
      },
      "testFilePath": "/home/tcronin/src/node-101/test/svc/EncryptionSvc.spec.ts",
      "testResults": [
        {
          "ancestorTitles": [
            "EncryptionSvc Test"
          ],
          "duration": 187,
          "failureDetails": [],
          "failureMessages": [],
          "fullName": "EncryptionSvc Test encrypt/decrypt",
          "location": null,
          "numPassingAsserts": 0,
          "status": "passed",
          "title": "encrypt/decrypt"
        }
      ],
      "failureMessage": null
    }
  ],
  "wasInterrupted": false,
  "coverageMap": {
    "/home/tcronin/src/node-101/src/entity/Customer.ts": {
      "path": "/home/tcronin/src/node-101/src/entity/Customer.ts",
      "statementMap": {
        "0": {
          "start": {
            "line": 1,
            "column": 0
          },
          "end": {
            "line": 1,
            "column": 41
          }
        },
        "1": {
          "start": {
            "line": 3,
            "column": 0
          },
          "end": {
            "line": 3,
            "column": 38
          }
        },
        "2": {
          "start": {
            "line": 6,
            "column": 0
          },
          "end": {
            "line": 15,
            "column": null
          }
        },
        "3": {
          "start": {
            "line": 14,
            "column": 2
          },
          "end": {
            "line": 14,
            "column": 26
          }
        },
        "4": {
          "start": {
            "line": 8,
            "column": 2
          },
          "end": {
            "line": 8,
            "column": null
          }
        },
        "5": {
          "start": {
            "line": 11,
            "column": 2
          },
          "end": {
            "line": 11,
            "column": null
          }
        },
        "6": {
          "start": {
            "line": 14,
            "column": 2
          },
          "end": {
            "line": 14,
            "column": null
          }
        },
        "7": {
          "start": {
            "line": 6,
            "column": 21
          },
          "end": {
            "line": 15,
            "column": null
          }
        },
        "8": {
          "start": {
            "line": 6,
            "column": 21
          },
          "end": {
            "line": 6,
            "column": 30
          }
        }
      },
      "fnMap": {
        "0": {
          "name": "(anonymous_2)",
          "decl": {
            "start": {
              "line": 6,
              "column": 0
            },
            "end": {
              "line": 6,
              "column": 21
            }
          },
          "loc": {
            "start": {
              "line": 6,
              "column": 0
            },
            "end": {
              "line": 15,
              "column": 1
            }
          }
        }
      },
      "branchMap": {},
      "s": {
        "0": 2,
        "1": 2,
        "2": 2,
        "3": 4,
        "4": 2,
        "5": 2,
        "6": 2,
        "7": 2,
        "8": 2
      },
      "f": {
        "0": 4
      },
      "b": {}
    },
    "/home/tcronin/src/node-101/src/entity/BaseEntity.ts": {
      "path": "/home/tcronin/src/node-101/src/entity/BaseEntity.ts",
      "statementMap": {
        "0": {
          "start": {
            "line": 1,
            "column": 0
          },
          "end": {
            "line": 1,
            "column": 57
          }
        },
        "1": {
          "start": {
            "line": 14,
            "column": 2
          },
          "end": {
            "line": 14,
            "column": 31
          }
        },
        "2": {
          "start": {
            "line": 17,
            "column": 2
          },
          "end": {
            "line": 17,
            "column": 33
          }
        },
        "3": {
          "start": {
            "line": 5,
            "column": 4
          },
          "end": {
            "line": 7,
            "column": null
          }
        },
        "4": {
          "start": {
            "line": 6,
            "column": 6
          },
          "end": {
            "line": 6,
            "column": 38
          }
        },
        "5": {
          "start": {
            "line": 11,
            "column": 2
          },
          "end": {
            "line": 11,
            "column": null
          }
        },
        "6": {
          "start": {
            "line": 14,
            "column": 2
          },
          "end": {
            "line": 14,
            "column": null
          }
        },
        "7": {
          "start": {
            "line": 17,
            "column": 2
          },
          "end": {
            "line": 17,
            "column": null
          }
        },
        "8": {
          "start": {
            "line": 3,
            "column": 0
          },
          "end": {
            "line": 3,
            "column": 21
          }
        }
      },
      "fnMap": {
        "0": {
          "name": "(anonymous_2)",
          "decl": {
            "start": {
              "line": 4,
              "column": 2
            },
            "end": {
              "line": 4,
              "column": 14
            }
          },
          "loc": {
            "start": {
              "line": 4,
              "column": 28
            },
            "end": {
              "line": 8,
              "column": 3
            }
          }
        }
      },
      "branchMap": {
        "0": {
          "loc": {
            "start": {
              "line": 5,
              "column": 4
            },
            "end": {
              "line": 7,
              "column": null
            }
          },
          "type": "if",
          "locations": [
            {
              "start": {
                "line": 5,
                "column": 4
              },
              "end": {
                "line": 7,
                "column": null
              }
            },
            {
              "start": {
                "line": 5,
                "column": 4
              },
              "end": {
                "line": 7,
                "column": null
              }
            }
          ]
        }
      },
      "s": {
        "0": 2,
        "1": 4,
        "2": 4,
        "3": 4,
        "4": 0,
        "5": 2,
        "6": 2,
        "7": 2,
        "8": 2
      },
      "f": {
        "0": 4
      },
      "b": {
        "0": [
          0,
          4
        ]
      }
    },
    "/home/tcronin/src/node-101/src/svc/dao/CustomerSvc.ts": {
      "path": "/home/tcronin/src/node-101/src/svc/dao/CustomerSvc.ts",
      "statementMap": {
        "0": {
          "start": {
            "line": 1,
            "column": 0
          },
          "end": {
            "line": 1,
            "column": 45
          }
        },
        "1": {
          "start": {
            "line": 2,
            "column": 0
          },
          "end": {
            "line": 2,
            "column": 52
          }
        },
        "2": {
          "start": {
            "line": 3,
            "column": 0
          },
          "end": {
            "line": 3,
            "column": 51
          }
        },
        "3": {
          "start": {
            "line": 4,
            "column": 0
          },
          "end": {
            "line": 4,
            "column": 37
          }
        },
        "4": {
          "start": {
            "line": 7,
            "column": 0
          },
          "end": {
            "line": 22,
            "column": null
          }
        },
        "5": {
          "start": {
            "line": 12,
            "column": 14
          },
          "end": {
            "line": 12,
            "column": 20
          }
        },
        "6": {
          "start": {
            "line": 8,
            "column": 21
          },
          "end": {
            "line": 8,
            "column": 64
          }
        },
        "7": {
          "start": {
            "line": 15,
            "column": 9
          },
          "end": {
            "line": 17,
            "column": 4
          }
        },
        "8": {
          "start": {
            "line": 15,
            "column": 71
          },
          "end": {
            "line": 17,
            "column": 4
          }
        },
        "9": {
          "start": {
            "line": 16,
            "column": 4
          },
          "end": {
            "line": 16,
            "column": 58
          }
        },
        "10": {
          "start": {
            "line": 19,
            "column": 9
          },
          "end": {
            "line": 21,
            "column": 4
          }
        },
        "11": {
          "start": {
            "line": 19,
            "column": 78
          },
          "end": {
            "line": 21,
            "column": 4
          }
        },
        "12": {
          "start": {
            "line": 20,
            "column": 4
          },
          "end": {
            "line": 20,
            "column": 42
          }
        },
        "13": {
          "start": {
            "line": 7,
            "column": 21
          },
          "end": {
            "line": 22,
            "column": null
          }
        },
        "14": {
          "start": {
            "line": 7,
            "column": 21
          },
          "end": {
            "line": 7,
            "column": null
          }
        }
      },
      "fnMap": {
        "0": {
          "name": "(anonymous_11)",
          "decl": {
            "start": {
              "line": 10,
              "column": 2
            },
            "end": {
              "line": 10,
              "column": null
            }
          },
          "loc": {
            "start": {
              "line": 12,
              "column": 40
            },
            "end": {
              "line": 13,
              "column": 6
            }
          }
        },
        "1": {
          "name": "(anonymous_12)",
          "decl": {
            "start": {
              "line": 15,
              "column": 19
            },
            "end": {
              "line": 15,
              "column": 26
            }
          },
          "loc": {
            "start": {
              "line": 15,
              "column": 71
            },
            "end": {
              "line": 17,
              "column": 4
            }
          }
        },
        "2": {
          "name": "(anonymous_13)",
          "decl": {
            "start": {
              "line": 15,
              "column": 71
            },
            "end": {
              "line": 15,
              "column": null
            }
          },
          "loc": {
            "start": {
              "line": 15,
              "column": 71
            },
            "end": {
              "line": 17,
              "column": 3
            }
          }
        },
        "3": {
          "name": "(anonymous_14)",
          "decl": {
            "start": {
              "line": 19,
              "column": 18
            },
            "end": {
              "line": 19,
              "column": 25
            }
          },
          "loc": {
            "start": {
              "line": 19,
              "column": 78
            },
            "end": {
              "line": 21,
              "column": 4
            }
          }
        },
        "4": {
          "name": "(anonymous_15)",
          "decl": {
            "start": {
              "line": 19,
              "column": 78
            },
            "end": {
              "line": 19,
              "column": null
            }
          },
          "loc": {
            "start": {
              "line": 19,
              "column": 78
            },
            "end": {
              "line": 21,
              "column": 3
            }
          }
        }
      },
      "branchMap": {},
      "s": {
        "0": 2,
        "1": 2,
        "2": 2,
        "3": 2,
        "4": 2,
        "5": 2,
        "6": 2,
        "7": 2,
        "8": 1,
        "9": 1,
        "10": 2,
        "11": 1,
        "12": 1,
        "13": 2,
        "14": 2
      },
      "f": {
        "0": 2,
        "1": 1,
        "2": 1,
        "3": 1,
        "4": 1
      },
      "b": {}
    },
    "/home/tcronin/src/node-101/test/base.test.ts": {
      "path": "/home/tcronin/src/node-101/test/base.test.ts",
      "statementMap": {
        "0": {
          "start": {
            "line": 1,
            "column": 0
          },
          "end": {
            "line": 1,
            "column": 54
          }
        },
        "1": {
          "start": {
            "line": 2,
            "column": 0
          },
          "end": {
            "line": 2,
            "column": 60
          }
        },
        "2": {
          "start": {
            "line": 3,
            "column": 0
          },
          "end": {
            "line": 3,
            "column": 53
          }
        },
        "3": {
          "start": {
            "line": 6,
            "column": 29
          },
          "end": {
            "line": 8,
            "column": 14
          }
        },
        "4": {
          "start": {
            "line": 10,
            "column": 2
          },
          "end": {
            "line": 10,
            "column": 28
          }
        },
        "5": {
          "start": {
            "line": 13,
            "column": 2
          },
          "end": {
            "line": 13,
            "column": 55
          }
        },
        "6": {
          "start": {
            "line": 15,
            "column": 2
          },
          "end": {
            "line": 15,
            "column": 28
          }
        },
        "7": {
          "start": {
            "line": 17,
            "column": 2
          },
          "end": {
            "line": 17,
            "column": 19
          }
        },
        "8": {
          "start": {
            "line": 19,
            "column": 2
          },
          "end": {
            "line": 19,
            "column": 13
          }
        },
        "9": {
          "start": {
            "line": 5,
            "column": 0
          },
          "end": {
            "line": 5,
            "column": 22
          }
        }
      },
      "fnMap": {
        "0": {
          "name": "bootstrap",
          "decl": {
            "start": {
              "line": 5,
              "column": 22
            },
            "end": {
              "line": 5,
              "column": 31
            }
          },
          "loc": {
            "start": {
              "line": 5,
              "column": 31
            },
            "end": {
              "line": 20,
              "column": null
            }
          }
        }
      },
      "branchMap": {},
      "s": {
        "0": 2,
        "1": 2,
        "2": 2,
        "3": 2,
        "4": 2,
        "5": 2,
        "6": 2,
        "7": 2,
        "8": 2,
        "9": 2
      },
      "f": {
        "0": 2
      },
      "b": {}
    },
    "/home/tcronin/src/node-101/src/config/app.module.ts": {
      "path": "/home/tcronin/src/node-101/src/config/app.module.ts",
      "statementMap": {
        "0": {
          "start": {
            "line": 1,
            "column": 0
          },
          "end": {
            "line": 1,
            "column": 40
          }
        },
        "1": {
          "start": {
            "line": 3,
            "column": 0
          },
          "end": {
            "line": 3,
            "column": 61
          }
        },
        "2": {
          "start": {
            "line": 4,
            "column": 0
          },
          "end": {
            "line": 4,
            "column": 75
          }
        },
        "3": {
          "start": {
            "line": 6,
            "column": 0
          },
          "end": {
            "line": 6,
            "column": 45
          }
        },
        "4": {
          "start": {
            "line": 9,
            "column": 0
          },
          "end": {
            "line": 9,
            "column": 35
          }
        },
        "5": {
          "start": {
            "line": 11,
            "column": 0
          },
          "end": {
            "line": 11,
            "column": 42
          }
        },
        "6": {
          "start": {
            "line": 12,
            "column": 0
          },
          "end": {
            "line": 12,
            "column": 37
          }
        },
        "7": {
          "start": {
            "line": 13,
            "column": 0
          },
          "end": {
            "line": 13,
            "column": 47
          }
        },
        "8": {
          "start": {
            "line": 14,
            "column": 0
          },
          "end": {
            "line": 14,
            "column": 39
          }
        },
        "9": {
          "start": {
            "line": 15,
            "column": 0
          },
          "end": {
            "line": 15,
            "column": 49
          }
        },
        "10": {
          "start": {
            "line": 16,
            "column": 0
          },
          "end": {
            "line": 16,
            "column": 49
          }
        },
        "11": {
          "start": {
            "line": 17,
            "column": 0
          },
          "end": {
            "line": 17,
            "column": 44
          }
        },
        "12": {
          "start": {
            "line": 68,
            "column": 0
          },
          "end": {
            "line": 68,
            "column": null
          }
        },
        "13": {
          "start": {
            "line": 68,
            "column": 13
          },
          "end": {
            "line": 68,
            "column": null
          }
        },
        "14": {
          "start": {
            "line": 36,
            "column": 62
          },
          "end": {
            "line": 36,
            "column": 67
          }
        },
        "15": {
          "start": {
            "line": 36,
            "column": 71
          },
          "end": {
            "line": 36,
            "column": 75
          }
        },
        "16": {
          "start": {
            "line": 37,
            "column": 31
          },
          "end": {
            "line": 37,
            "column": 65
          }
        },
        "17": {
          "start": {
            "line": 38,
            "column": 14
          },
          "end": {
            "line": 38,
            "column": 65
          }
        },
        "18": {
          "start": {
            "line": 40,
            "column": 14
          },
          "end": {
            "line": 40,
            "column": 74
          }
        },
        "19": {
          "start": {
            "line": 52,
            "column": 46
          },
          "end": {
            "line": 63,
            "column": null
          }
        },
        "20": {
          "start": {
            "line": 53,
            "column": 8
          },
          "end": {
            "line": 63,
            "column": null
          }
        },
        "21": {
          "start": {
            "line": 68,
            "column": 13
          },
          "end": {
            "line": 68,
            "column": 22
          }
        }
      },
      "fnMap": {
        "0": {
          "name": "(anonymous_9)",
          "decl": {
            "start": {
              "line": 36,
              "column": 34
            },
            "end": {
              "line": 36,
              "column": 35
            }
          },
          "loc": {
            "start": {
              "line": 36,
              "column": 77
            },
            "end": {
              "line": 41,
              "column": 13
            }
          }
        },
        "1": {
          "name": "(anonymous_10)",
          "decl": {
            "start": {
              "line": 50,
              "column": 18
            },
            "end": {
              "line": 50,
              "column": null
            }
          },
          "loc": {
            "start": {
              "line": 52,
              "column": 46
            },
            "end": {
              "line": 63,
              "column": null
            }
          }
        },
        "2": {
          "name": "(anonymous_11)",
          "decl": {
            "start": {
              "line": 52,
              "column": 46
            },
            "end": {
              "line": 52,
              "column": null
            }
          },
          "loc": {
            "start": {
              "line": 52,
              "column": 46
            },
            "end": {
              "line": 63,
              "column": null
            }
          }
        }
      },
      "branchMap": {
        "0": {
          "loc": {
            "start": {
              "line": 38,
              "column": 49
            },
            "end": {
              "line": 38,
              "column": 51
            }
          },
          "type": "cond-expr",
          "locations": [
            {
              "start": {
                "line": 38,
                "column": 49
              },
              "end": {
                "line": 38,
                "column": 51
              }
            },
            {
              "start": {
                "line": 38,
                "column": 54
              },
              "end": {
                "line": 38,
                "column": 64
              }
            }
          ]
        }
      },
      "s": {
        "0": 2,
        "1": 2,
        "2": 2,
        "3": 2,
        "4": 2,
        "5": 2,
        "6": 2,
        "7": 2,
        "8": 2,
        "9": 2,
        "10": 2,
        "11": 2,
        "12": 2,
        "13": 2,
        "14": 7,
        "15": 7,
        "16": 7,
        "17": 7,
        "18": 7,
        "19": 2,
        "20": 2,
        "21": 2
      },
      "f": {
        "0": 7,
        "1": 2,
        "2": 2
      },
      "b": {
        "0": [
          0,
          7
        ]
      }
    },
    "/home/tcronin/src/node-101/src/svc/aws/S3Svc.ts": {
      "path": "/home/tcronin/src/node-101/src/svc/aws/S3Svc.ts",
      "statementMap": {
        "0": {
          "start": {
            "line": 1,
            "column": 0
          },
          "end": {
            "line": 1,
            "column": 44
          }
        },
        "1": {
          "start": {
            "line": 2,
            "column": 0
          },
          "end": {
            "line": 2,
            "column": 47
          }
        },
        "2": {
          "start": {
            "line": 7,
            "column": 0
          },
          "end": {
            "line": 7,
            "column": 38
          }
        },
        "3": {
          "start": {
            "line": 11,
            "column": 52
          },
          "end": {
            "line": 14,
            "column": 2
          }
        },
        "4": {
          "start": {
            "line": 18,
            "column": 0
          },
          "end": {
            "line": 48,
            "column": null
          }
        },
        "5": {
          "start": {
            "line": 22,
            "column": 4
          },
          "end": {
            "line": 22,
            "column": 25
          }
        },
        "6": {
          "start": {
            "line": 21,
            "column": 31
          },
          "end": {
            "line": 21,
            "column": 46
          }
        },
        "7": {
          "start": {
            "line": 33,
            "column": 9
          },
          "end": {
            "line": 47,
            "column": 4
          }
        },
        "8": {
          "start": {
            "line": 33,
            "column": 74
          },
          "end": {
            "line": 47,
            "column": 4
          }
        },
        "9": {
          "start": {
            "line": 34,
            "column": 47
          },
          "end": {
            "line": 38,
            "column": 6
          }
        },
        "10": {
          "start": {
            "line": 40,
            "column": 4
          },
          "end": {
            "line": 40,
            "column": 70
          }
        },
        "11": {
          "start": {
            "line": 41,
            "column": 41
          },
          "end": {
            "line": 43,
            "column": 16
          }
        },
        "12": {
          "start": {
            "line": 44,
            "column": 4
          },
          "end": {
            "line": 44,
            "column": 64
          }
        },
        "13": {
          "start": {
            "line": 46,
            "column": 4
          },
          "end": {
            "line": 46,
            "column": 25
          }
        },
        "14": {
          "start": {
            "line": 24,
            "column": 19
          },
          "end": {
            "line": 24,
            "column": 61
          }
        },
        "15": {
          "start": {
            "line": 25,
            "column": 4
          },
          "end": {
            "line": 29,
            "column": null
          }
        },
        "16": {
          "start": {
            "line": 26,
            "column": 6
          },
          "end": {
            "line": 26,
            "column": 27
          }
        },
        "17": {
          "start": {
            "line": 28,
            "column": 6
          },
          "end": {
            "line": 28,
            "column": 50
          }
        },
        "18": {
          "start": {
            "line": 30,
            "column": 4
          },
          "end": {
            "line": 30,
            "column": 45
          }
        },
        "19": {
          "start": {
            "line": 18,
            "column": 21
          },
          "end": {
            "line": 48,
            "column": null
          }
        },
        "20": {
          "start": {
            "line": 18,
            "column": 21
          },
          "end": {
            "line": 18,
            "column": 27
          }
        }
      },
      "fnMap": {
        "0": {
          "name": "(anonymous_9)",
          "decl": {
            "start": {
              "line": 21,
              "column": 2
            },
            "end": {
              "line": 21,
              "column": 31
            }
          },
          "loc": {
            "start": {
              "line": 21,
              "column": 59
            },
            "end": {
              "line": 31,
              "column": 3
            }
          }
        },
        "1": {
          "name": "(anonymous_10)",
          "decl": {
            "start": {
              "line": 33,
              "column": 18
            },
            "end": {
              "line": 33,
              "column": 25
            }
          },
          "loc": {
            "start": {
              "line": 33,
              "column": 74
            },
            "end": {
              "line": 47,
              "column": 4
            }
          }
        },
        "2": {
          "name": "(anonymous_11)",
          "decl": {
            "start": {
              "line": 33,
              "column": 74
            },
            "end": {
              "line": 33,
              "column": null
            }
          },
          "loc": {
            "start": {
              "line": 33,
              "column": 74
            },
            "end": {
              "line": 47,
              "column": 3
            }
          }
        }
      },
      "branchMap": {
        "0": {
          "loc": {
            "start": {
              "line": 25,
              "column": 4
            },
            "end": {
              "line": 29,
              "column": null
            }
          },
          "type": "if",
          "locations": [
            {
              "start": {
                "line": 25,
                "column": 4
              },
              "end": {
                "line": 29,
                "column": null
              }
            },
            {
              "start": {
                "line": 25,
                "column": 4
              },
              "end": {
                "line": 29,
                "column": null
              }
            }
          ]
        }
      },
      "s": {
        "0": 2,
        "1": 2,
        "2": 2,
        "3": 2,
        "4": 2,
        "5": 2,
        "6": 2,
        "7": 2,
        "8": 0,
        "9": 0,
        "10": 0,
        "11": 0,
        "12": 0,
        "13": 0,
        "14": 2,
        "15": 2,
        "16": 2,
        "17": 0,
        "18": 2,
        "19": 2,
        "20": 2
      },
      "f": {
        "0": 2,
        "1": 0,
        "2": 0
      },
      "b": {
        "0": [
          2,
          0
        ]
      }
    },
    "/home/tcronin/src/node-101/src/svc/aws/BaseAWSSvc.ts": {
      "path": "/home/tcronin/src/node-101/src/svc/aws/BaseAWSSvc.ts",
      "statementMap": {
        "0": {
          "start": {
            "line": 1,
            "column": 0
          },
          "end": {
            "line": 1,
            "column": 40
          }
        },
        "1": {
          "start": {
            "line": 4,
            "column": 0
          },
          "end": {
            "line": 4,
            "column": 31
          }
        },
        "2": {
          "start": {
            "line": 5,
            "column": 0
          },
          "end": {
            "line": 5,
            "column": 46
          }
        },
        "3": {
          "start": {
            "line": 15,
            "column": 31
          },
          "end": {
            "line": 15,
            "column": 59
          }
        },
        "4": {
          "start": {
            "line": 8,
            "column": 21
          },
          "end": {
            "line": 8,
            "column": 64
          }
        },
        "5": {
          "start": {
            "line": 13,
            "column": 12
          },
          "end": {
            "line": 13,
            "column": 37
          }
        },
        "6": {
          "start": {
            "line": 16,
            "column": 27
          },
          "end": {
            "line": 16,
            "column": 39
          }
        },
        "7": {
          "start": {
            "line": 20,
            "column": 4
          },
          "end": {
            "line": 24,
            "column": null
          }
        },
        "8": {
          "start": {
            "line": 21,
            "column": 6
          },
          "end": {
            "line": 22,
            "column": 76
          }
        },
        "9": {
          "start": {
            "line": 23,
            "column": 6
          },
          "end": {
            "line": 23,
            "column": 71
          }
        },
        "10": {
          "start": {
            "line": 26,
            "column": 4
          },
          "end": {
            "line": 26,
            "column": 57
          }
        },
        "11": {
          "start": {
            "line": 27,
            "column": 4
          },
          "end": {
            "line": 27,
            "column": 30
          }
        },
        "12": {
          "start": {
            "line": 7,
            "column": 0
          },
          "end": {
            "line": 7,
            "column": 30
          }
        }
      },
      "fnMap": {
        "0": {
          "name": "(anonymous_0)",
          "decl": {
            "start": {
              "line": 15,
              "column": 2
            },
            "end": {
              "line": 15,
              "column": 31
            }
          },
          "loc": {
            "start": {
              "line": 15,
              "column": 59
            },
            "end": {
              "line": 28,
              "column": 3
            }
          }
        }
      },
      "branchMap": {
        "0": {
          "loc": {
            "start": {
              "line": 20,
              "column": 4
            },
            "end": {
              "line": 24,
              "column": null
            }
          },
          "type": "if",
          "locations": [
            {
              "start": {
                "line": 20,
                "column": 4
              },
              "end": {
                "line": 24,
                "column": null
              }
            },
            {
              "start": {
                "line": 20,
                "column": 4
              },
              "end": {
                "line": 24,
                "column": null
              }
            }
          ]
        }
      },
      "s": {
        "0": 2,
        "1": 2,
        "2": 2,
        "3": 6,
        "4": 6,
        "5": 6,
        "6": 6,
        "7": 6,
        "8": 0,
        "9": 0,
        "10": 6,
        "11": 6,
        "12": 2
      },
      "f": {
        "0": 6
      },
      "b": {
        "0": [
          0,
          6
        ]
      }
    },
    "/home/tcronin/src/node-101/src/svc/aws/SecretsSvc.ts": {
      "path": "/home/tcronin/src/node-101/src/svc/aws/SecretsSvc.ts",
      "statementMap": {
        "0": {
          "start": {
            "line": 1,
            "column": 0
          },
          "end": {
            "line": 1,
            "column": 44
          }
        },
        "1": {
          "start": {
            "line": 2,
            "column": 0
          },
          "end": {
            "line": 2,
            "column": 47
          }
        },
        "2": {
          "start": {
            "line": 5,
            "column": 0
          },
          "end": {
            "line": 5,
            "column": 38
          }
        },
        "3": {
          "start": {
            "line": 7,
            "column": 64
          },
          "end": {
            "line": 9,
            "column": 2
          }
        },
        "4": {
          "start": {
            "line": 13,
            "column": 0
          },
          "end": {
            "line": 42,
            "column": null
          }
        },
        "5": {
          "start": {
            "line": 17,
            "column": 4
          },
          "end": {
            "line": 17,
            "column": 25
          }
        },
        "6": {
          "start": {
            "line": 16,
            "column": 31
          },
          "end": {
            "line": 16,
            "column": 46
          }
        },
        "7": {
          "start": {
            "line": 22,
            "column": 9
          },
          "end": {
            "line": 41,
            "column": 4
          }
        },
        "8": {
          "start": {
            "line": 22,
            "column": 53
          },
          "end": {
            "line": 41,
            "column": 4
          }
        },
        "9": {
          "start": {
            "line": 23,
            "column": 4
          },
          "end": {
            "line": 40,
            "column": null
          }
        },
        "10": {
          "start": {
            "line": 24,
            "column": 66
          },
          "end": {
            "line": 26,
            "column": 8
          }
        },
        "11": {
          "start": {
            "line": 29,
            "column": 8
          },
          "end": {
            "line": 29,
            "column": 67
          }
        },
        "12": {
          "start": {
            "line": 31,
            "column": 6
          },
          "end": {
            "line": 36,
            "column": null
          }
        },
        "13": {
          "start": {
            "line": 32,
            "column": 8
          },
          "end": {
            "line": 32,
            "column": 60
          }
        },
        "14": {
          "start": {
            "line": 33,
            "column": 8
          },
          "end": {
            "line": 33,
            "column": 33
          }
        },
        "15": {
          "start": {
            "line": 35,
            "column": 8
          },
          "end": {
            "line": 35,
            "column": 54
          }
        },
        "16": {
          "start": {
            "line": 38,
            "column": 6
          },
          "end": {
            "line": 38,
            "column": 65
          }
        },
        "17": {
          "start": {
            "line": 39,
            "column": 6
          },
          "end": {
            "line": 39,
            "column": 52
          }
        },
        "18": {
          "start": {
            "line": 19,
            "column": 4
          },
          "end": {
            "line": 19,
            "column": 69
          }
        },
        "19": {
          "start": {
            "line": 13,
            "column": 21
          },
          "end": {
            "line": 42,
            "column": null
          }
        },
        "20": {
          "start": {
            "line": 13,
            "column": 21
          },
          "end": {
            "line": 13,
            "column": 32
          }
        }
      },
      "fnMap": {
        "0": {
          "name": "(anonymous_9)",
          "decl": {
            "start": {
              "line": 16,
              "column": 2
            },
            "end": {
              "line": 16,
              "column": 31
            }
          },
          "loc": {
            "start": {
              "line": 16,
              "column": 59
            },
            "end": {
              "line": 20,
              "column": 3
            }
          }
        },
        "1": {
          "name": "(anonymous_10)",
          "decl": {
            "start": {
              "line": 22,
              "column": 15
            },
            "end": {
              "line": 22,
              "column": 22
            }
          },
          "loc": {
            "start": {
              "line": 22,
              "column": 53
            },
            "end": {
              "line": 41,
              "column": 4
            }
          }
        },
        "2": {
          "name": "(anonymous_11)",
          "decl": {
            "start": {
              "line": 22,
              "column": 53
            },
            "end": {
              "line": 22,
              "column": null
            }
          },
          "loc": {
            "start": {
              "line": 22,
              "column": 53
            },
            "end": {
              "line": 41,
              "column": 3
            }
          }
        }
      },
      "branchMap": {
        "0": {
          "loc": {
            "start": {
              "line": 31,
              "column": 6
            },
            "end": {
              "line": 36,
              "column": null
            }
          },
          "type": "if",
          "locations": [
            {
              "start": {
                "line": 31,
                "column": 6
              },
              "end": {
                "line": 36,
                "column": null
              }
            },
            {
              "start": {
                "line": 31,
                "column": 6
              },
              "end": {
                "line": 36,
                "column": null
              }
            }
          ]
        },
        "1": {
          "loc": {
            "start": {
              "line": 31,
              "column": 10
            },
            "end": {
              "line": 31,
              "column": 14
            }
          },
          "type": "binary-expr",
          "locations": [
            {
              "start": {
                "line": 31,
                "column": 10
              },
              "end": {
                "line": 31,
                "column": 14
              }
            },
            {
              "start": {
                "line": 31,
                "column": 18
              },
              "end": {
                "line": 31,
                "column": 35
              }
            }
          ]
        }
      },
      "s": {
        "0": 2,
        "1": 2,
        "2": 2,
        "3": 2,
        "4": 2,
        "5": 2,
        "6": 2,
        "7": 2,
        "8": 0,
        "9": 0,
        "10": 0,
        "11": 0,
        "12": 0,
        "13": 0,
        "14": 0,
        "15": 0,
        "16": 0,
        "17": 0,
        "18": 2,
        "19": 2,
        "20": 2
      },
      "f": {
        "0": 2,
        "1": 0,
        "2": 0
      },
      "b": {
        "0": [
          0,
          0
        ],
        "1": [
          0,
          0
        ]
      }
    },
    "/home/tcronin/src/node-101/src/svc/aws/SQSSvc.ts": {
      "path": "/home/tcronin/src/node-101/src/svc/aws/SQSSvc.ts",
      "statementMap": {
        "0": {
          "start": {
            "line": 1,
            "column": 0
          },
          "end": {
            "line": 1,
            "column": 44
          }
        },
        "1": {
          "start": {
            "line": 2,
            "column": 0
          },
          "end": {
            "line": 2,
            "column": 47
          }
        },
        "2": {
          "start": {
            "line": 3,
            "column": 0
          },
          "end": {
            "line": 3,
            "column": 31
          }
        },
        "3": {
          "start": {
            "line": 7,
            "column": 0
          },
          "end": {
            "line": 7,
            "column": 38
          }
        },
        "4": {
          "start": {
            "line": 11,
            "column": 53
          },
          "end": {
            "line": 13,
            "column": 2
          }
        },
        "5": {
          "start": {
            "line": 18,
            "column": 0
          },
          "end": {
            "line": 93,
            "column": null
          }
        },
        "6": {
          "start": {
            "line": 24,
            "column": 4
          },
          "end": {
            "line": 24,
            "column": 25
          }
        },
        "7": {
          "start": {
            "line": 23,
            "column": 31
          },
          "end": {
            "line": 23,
            "column": 46
          }
        },
        "8": {
          "start": {
            "line": 48,
            "column": 12
          },
          "end": {
            "line": 71,
            "column": 4
          }
        },
        "9": {
          "start": {
            "line": 48,
            "column": 54
          },
          "end": {
            "line": 71,
            "column": 4
          }
        },
        "10": {
          "start": {
            "line": 49,
            "column": 4
          },
          "end": {
            "line": 69,
            "column": null
          }
        },
        "11": {
          "start": {
            "line": 50,
            "column": 57
          },
          "end": {
            "line": 52,
            "column": 8
          }
        },
        "12": {
          "start": {
            "line": 54,
            "column": 6
          },
          "end": {
            "line": 68,
            "column": null
          }
        },
        "13": {
          "start": {
            "line": 55,
            "column": 8
          },
          "end": {
            "line": 55,
            "column": 54
          }
        },
        "14": {
          "start": {
            "line": 56,
            "column": 8
          },
          "end": {
            "line": 56,
            "column": 67
          }
        },
        "15": {
          "start": {
            "line": 58,
            "column": 60
          },
          "end": {
            "line": 60,
            "column": 20
          }
        },
        "16": {
          "start": {
            "line": 62,
            "column": 8
          },
          "end": {
            "line": 67,
            "column": null
          }
        },
        "17": {
          "start": {
            "line": 63,
            "column": 10
          },
          "end": {
            "line": 63,
            "column": 72
          }
        },
        "18": {
          "start": {
            "line": 64,
            "column": 10
          },
          "end": {
            "line": 64,
            "column": 50
          }
        },
        "19": {
          "start": {
            "line": 66,
            "column": 10
          },
          "end": {
            "line": 66,
            "column": 65
          }
        },
        "20": {
          "start": {
            "line": 70,
            "column": 4
          },
          "end": {
            "line": 70,
            "column": 25
          }
        },
        "21": {
          "start": {
            "line": 73,
            "column": 9
          },
          "end": {
            "line": 92,
            "column": 4
          }
        },
        "22": {
          "start": {
            "line": 73,
            "column": 59
          },
          "end": {
            "line": 92,
            "column": 4
          }
        },
        "23": {
          "start": {
            "line": 74,
            "column": 50
          },
          "end": {
            "line": 79,
            "column": 6
          }
        },
        "24": {
          "start": {
            "line": 81,
            "column": 48
          },
          "end": {
            "line": 83,
            "column": 16
          }
        },
        "25": {
          "start": {
            "line": 85,
            "column": 4
          },
          "end": {
            "line": 85,
            "column": 72
          }
        },
        "26": {
          "start": {
            "line": 87,
            "column": 4
          },
          "end": {
            "line": 89,
            "column": null
          }
        },
        "27": {
          "start": {
            "line": 88,
            "column": 6
          },
          "end": {
            "line": 88,
            "column": 77
          }
        },
        "28": {
          "start": {
            "line": 91,
            "column": 4
          },
          "end": {
            "line": 91,
            "column": 28
          }
        },
        "29": {
          "start": {
            "line": 25,
            "column": 22
          },
          "end": {
            "line": 25,
            "column": 64
          }
        },
        "30": {
          "start": {
            "line": 27,
            "column": 4
          },
          "end": {
            "line": 31,
            "column": null
          }
        },
        "31": {
          "start": {
            "line": 28,
            "column": 6
          },
          "end": {
            "line": 28,
            "column": 33
          }
        },
        "32": {
          "start": {
            "line": 30,
            "column": 6
          },
          "end": {
            "line": 30,
            "column": 44
          }
        },
        "33": {
          "start": {
            "line": 32,
            "column": 4
          },
          "end": {
            "line": 42,
            "column": null
          }
        },
        "34": {
          "start": {
            "line": 35,
            "column": 55
          },
          "end": {
            "line": 38,
            "column": 8
          }
        },
        "35": {
          "start": {
            "line": 39,
            "column": 6
          },
          "end": {
            "line": 39,
            "column": 40
          }
        },
        "36": {
          "start": {
            "line": 41,
            "column": 6
          },
          "end": {
            "line": 41,
            "column": 44
          }
        },
        "37": {
          "start": {
            "line": 18,
            "column": 21
          },
          "end": {
            "line": 93,
            "column": null
          }
        },
        "38": {
          "start": {
            "line": 18,
            "column": 21
          },
          "end": {
            "line": 18,
            "column": 28
          }
        }
      },
      "fnMap": {
        "0": {
          "name": "(anonymous_9)",
          "decl": {
            "start": {
              "line": 23,
              "column": 2
            },
            "end": {
              "line": 23,
              "column": 31
            }
          },
          "loc": {
            "start": {
              "line": 23,
              "column": 59
            },
            "end": {
              "line": 43,
              "column": 3
            }
          }
        },
        "1": {
          "name": "(anonymous_10)",
          "decl": {
            "start": {
              "line": 48,
              "column": 26
            },
            "end": {
              "line": 48,
              "column": 52
            }
          },
          "loc": {
            "start": {
              "line": 48,
              "column": 54
            },
            "end": {
              "line": 71,
              "column": 4
            }
          }
        },
        "2": {
          "name": "(anonymous_11)",
          "decl": {
            "start": {
              "line": 48,
              "column": 54
            },
            "end": {
              "line": 48,
              "column": null
            }
          },
          "loc": {
            "start": {
              "line": 48,
              "column": 54
            },
            "end": {
              "line": 71,
              "column": 3
            }
          }
        },
        "3": {
          "name": "(anonymous_12)",
          "decl": {
            "start": {
              "line": 73,
              "column": 16
            },
            "end": {
              "line": 73,
              "column": 23
            }
          },
          "loc": {
            "start": {
              "line": 73,
              "column": 59
            },
            "end": {
              "line": 92,
              "column": 4
            }
          }
        },
        "4": {
          "name": "(anonymous_13)",
          "decl": {
            "start": {
              "line": 73,
              "column": 59
            },
            "end": {
              "line": 73,
              "column": null
            }
          },
          "loc": {
            "start": {
              "line": 73,
              "column": 59
            },
            "end": {
              "line": 92,
              "column": 3
            }
          }
        }
      },
      "branchMap": {
        "0": {
          "loc": {
            "start": {
              "line": 49,
              "column": 4
            },
            "end": {
              "line": 69,
              "column": null
            }
          },
          "type": "if",
          "locations": [
            {
              "start": {
                "line": 49,
                "column": 4
              },
              "end": {
                "line": 69,
                "column": null
              }
            },
            {
              "start": {
                "line": 49,
                "column": 4
              },
              "end": {
                "line": 69,
                "column": null
              }
            }
          ]
        },
        "1": {
          "loc": {
            "start": {
              "line": 54,
              "column": 6
            },
            "end": {
              "line": 68,
              "column": null
            }
          },
          "type": "if",
          "locations": [
            {
              "start": {
                "line": 54,
                "column": 6
              },
              "end": {
                "line": 68,
                "column": null
              }
            },
            {
              "start": {
                "line": 54,
                "column": 6
              },
              "end": {
                "line": 68,
                "column": null
              }
            }
          ]
        },
        "2": {
          "loc": {
            "start": {
              "line": 62,
              "column": 8
            },
            "end": {
              "line": 67,
              "column": null
            }
          },
          "type": "if",
          "locations": [
            {
              "start": {
                "line": 62,
                "column": 8
              },
              "end": {
                "line": 67,
                "column": null
              }
            },
            {
              "start": {
                "line": 62,
                "column": 8
              },
              "end": {
                "line": 67,
                "column": null
              }
            }
          ]
        },
        "3": {
          "loc": {
            "start": {
              "line": 87,
              "column": 4
            },
            "end": {
              "line": 89,
              "column": null
            }
          },
          "type": "if",
          "locations": [
            {
              "start": {
                "line": 87,
                "column": 4
              },
              "end": {
                "line": 89,
                "column": null
              }
            },
            {
              "start": {
                "line": 87,
                "column": 4
              },
              "end": {
                "line": 89,
                "column": null
              }
            }
          ]
        },
        "4": {
          "loc": {
            "start": {
              "line": 27,
              "column": 4
            },
            "end": {
              "line": 31,
              "column": null
            }
          },
          "type": "if",
          "locations": [
            {
              "start": {
                "line": 27,
                "column": 4
              },
              "end": {
                "line": 31,
                "column": null
              }
            },
            {
              "start": {
                "line": 27,
                "column": 4
              },
              "end": {
                "line": 31,
                "column": null
              }
            }
          ]
        },
        "5": {
          "loc": {
            "start": {
              "line": 32,
              "column": 4
            },
            "end": {
              "line": 42,
              "column": null
            }
          },
          "type": "if",
          "locations": [
            {
              "start": {
                "line": 32,
                "column": 4
              },
              "end": {
                "line": 42,
                "column": null
              }
            },
            {
              "start": {
                "line": 32,
                "column": 4
              },
              "end": {
                "line": 42,
                "column": null
              }
            }
          ]
        }
      },
      "s": {
        "0": 2,
        "1": 2,
        "2": 2,
        "3": 2,
        "4": 2,
        "5": 2,
        "6": 2,
        "7": 2,
        "8": 2,
        "9": 0,
        "10": 0,
        "11": 0,
        "12": 0,
        "13": 0,
        "14": 0,
        "15": 0,
        "16": 0,
        "17": 0,
        "18": 0,
        "19": 0,
        "20": 0,
        "21": 2,
        "22": 0,
        "23": 0,
        "24": 0,
        "25": 0,
        "26": 0,
        "27": 0,
        "28": 0,
        "29": 2,
        "30": 2,
        "31": 2,
        "32": 0,
        "33": 2,
        "34": 0,
        "35": 0,
        "36": 2,
        "37": 2,
        "38": 2
      },
      "f": {
        "0": 2,
        "1": 0,
        "2": 0,
        "3": 0,
        "4": 0
      },
      "b": {
        "0": [
          0,
          0
        ],
        "1": [
          0,
          0
        ],
        "2": [
          0,
          0
        ],
        "3": [
          0,
          0
        ],
        "4": [
          2,
          0
        ],
        "5": [
          0,
          2
        ]
      }
    },
    "/home/tcronin/src/node-101/src/svc/EncryptionSvc.ts": {
      "path": "/home/tcronin/src/node-101/src/svc/EncryptionSvc.ts",
      "statementMap": {
        "0": {
          "start": {
            "line": 1,
            "column": 0
          },
          "end": {
            "line": 1,
            "column": 33
          }
        },
        "1": {
          "start": {
            "line": 3,
            "column": 0
          },
          "end": {
            "line": 3,
            "column": 48
          }
        },
        "2": {
          "start": {
            "line": 5,
            "column": 0
          },
          "end": {
            "line": 5,
            "column": 52
          }
        },
        "3": {
          "start": {
            "line": 6,
            "column": 0
          },
          "end": {
            "line": 6,
            "column": 47
          }
        },
        "4": {
          "start": {
            "line": 9,
            "column": 34
          },
          "end": {
            "line": 123,
            "column": null
          }
        },
        "5": {
          "start": {
            "line": 19,
            "column": 31
          },
          "end": {
            "line": 19,
            "column": 46
          }
        },
        "6": {
          "start": {
            "line": 15,
            "column": 21
          },
          "end": {
            "line": 15,
            "column": 64
          }
        },
        "7": {
          "start": {
            "line": 17,
            "column": 12
          },
          "end": {
            "line": 17,
            "column": 39
          }
        },
        "8": {
          "start": {
            "line": 21,
            "column": 12
          },
          "end": {
            "line": 34,
            "column": 4
          }
        },
        "9": {
          "start": {
            "line": 22,
            "column": 19
          },
          "end": {
            "line": 22,
            "column": 70
          }
        },
        "10": {
          "start": {
            "line": 24,
            "column": 4
          },
          "end": {
            "line": 26,
            "column": null
          }
        },
        "11": {
          "start": {
            "line": 25,
            "column": 6
          },
          "end": {
            "line": 25,
            "column": 37
          }
        },
        "12": {
          "start": {
            "line": 28,
            "column": 15
          },
          "end": {
            "line": 28,
            "column": 78
          }
        },
        "13": {
          "start": {
            "line": 30,
            "column": 4
          },
          "end": {
            "line": 30,
            "column": 58
          }
        },
        "14": {
          "start": {
            "line": 31,
            "column": 4
          },
          "end": {
            "line": 31,
            "column": 62
          }
        },
        "15": {
          "start": {
            "line": 33,
            "column": 4
          },
          "end": {
            "line": 33,
            "column": 16
          }
        },
        "16": {
          "start": {
            "line": 41,
            "column": 2
          },
          "end": {
            "line": 66,
            "column": 4
          }
        },
        "17": {
          "start": {
            "line": 43,
            "column": 4
          },
          "end": {
            "line": 45,
            "column": null
          }
        },
        "18": {
          "start": {
            "line": 44,
            "column": 6
          },
          "end": {
            "line": 44,
            "column": 42
          }
        },
        "19": {
          "start": {
            "line": 47,
            "column": 15
          },
          "end": {
            "line": 47,
            "column": 79
          }
        },
        "20": {
          "start": {
            "line": 48,
            "column": 4
          },
          "end": {
            "line": 48,
            "column": 57
          }
        },
        "21": {
          "start": {
            "line": 49,
            "column": 4
          },
          "end": {
            "line": 49,
            "column": 65
          }
        },
        "22": {
          "start": {
            "line": 52,
            "column": 19
          },
          "end": {
            "line": 55,
            "column": null
          }
        },
        "23": {
          "start": {
            "line": 57,
            "column": 4
          },
          "end": {
            "line": 57,
            "column": 33
          }
        },
        "24": {
          "start": {
            "line": 60,
            "column": 19
          },
          "end": {
            "line": 60,
            "column": 64
          }
        },
        "25": {
          "start": {
            "line": 62,
            "column": 17
          },
          "end": {
            "line": 62,
            "column": 59
          }
        },
        "26": {
          "start": {
            "line": 65,
            "column": 4
          },
          "end": {
            "line": 65,
            "column": 53
          }
        },
        "27": {
          "start": {
            "line": 73,
            "column": 2
          },
          "end": {
            "line": 115,
            "column": 4
          }
        },
        "28": {
          "start": {
            "line": 75,
            "column": 4
          },
          "end": {
            "line": 77,
            "column": null
          }
        },
        "29": {
          "start": {
            "line": 76,
            "column": 6
          },
          "end": {
            "line": 76,
            "column": 42
          }
        },
        "30": {
          "start": {
            "line": 80,
            "column": 17
          },
          "end": {
            "line": 80,
            "column": 45
          }
        },
        "31": {
          "start": {
            "line": 81,
            "column": 4
          },
          "end": {
            "line": 81,
            "column": 70
          }
        },
        "32": {
          "start": {
            "line": 84,
            "column": 15
          },
          "end": {
            "line": 84,
            "column": 77
          }
        },
        "33": {
          "start": {
            "line": 85,
            "column": 4
          },
          "end": {
            "line": 85,
            "column": 58
          }
        },
        "34": {
          "start": {
            "line": 88,
            "column": 4
          },
          "end": {
            "line": 88,
            "column": 64
          }
        },
        "35": {
          "start": {
            "line": 89,
            "column": 4
          },
          "end": {
            "line": 89,
            "column": 73
          }
        },
        "36": {
          "start": {
            "line": 91,
            "column": 15
          },
          "end": {
            "line": 91,
            "column": 62
          }
        },
        "37": {
          "start": {
            "line": 92,
            "column": 4
          },
          "end": {
            "line": 92,
            "column": 57
          }
        },
        "38": {
          "start": {
            "line": 93,
            "column": 4
          },
          "end": {
            "line": 93,
            "column": 65
          }
        },
        "39": {
          "start": {
            "line": 96,
            "column": 21
          },
          "end": {
            "line": 99,
            "column": null
          }
        },
        "40": {
          "start": {
            "line": 101,
            "column": 4
          },
          "end": {
            "line": 101,
            "column": 35
          }
        },
        "41": {
          "start": {
            "line": 104,
            "column": 22
          },
          "end": {
            "line": 104,
            "column": 78
          }
        },
        "42": {
          "start": {
            "line": 105,
            "column": 22
          },
          "end": {
            "line": 105,
            "column": 52
          }
        },
        "43": {
          "start": {
            "line": 108,
            "column": 22
          },
          "end": {
            "line": 108,
            "column": 48
          }
        },
        "44": {
          "start": {
            "line": 111,
            "column": 16
          },
          "end": {
            "line": 111,
            "column": 48
          }
        },
        "45": {
          "start": {
            "line": 114,
            "column": 4
          },
          "end": {
            "line": 114,
            "column": 32
          }
        },
        "46": {
          "start": {
            "line": 120,
            "column": 9
          },
          "end": {
            "line": 122,
            "column": 4
          }
        },
        "47": {
          "start": {
            "line": 121,
            "column": 4
          },
          "end": {
            "line": 121,
            "column": 63
          }
        },
        "48": {
          "start": {
            "line": 10,
            "column": 28
          },
          "end": {
            "line": 10,
            "column": 55
          }
        },
        "49": {
          "start": {
            "line": 11,
            "column": 28
          },
          "end": {
            "line": 11,
            "column": 56
          }
        },
        "50": {
          "start": {
            "line": 12,
            "column": 28
          },
          "end": {
            "line": 12,
            "column": 53
          }
        },
        "51": {
          "start": {
            "line": 13,
            "column": 28
          },
          "end": {
            "line": 13,
            "column": 46
          }
        },
        "52": {
          "start": {
            "line": 9,
            "column": 21
          },
          "end": {
            "line": 123,
            "column": null
          }
        },
        "53": {
          "start": {
            "line": 9,
            "column": 21
          },
          "end": {
            "line": 9,
            "column": null
          }
        }
      },
      "fnMap": {
        "0": {
          "name": "(anonymous_2)",
          "decl": {
            "start": {
              "line": 19,
              "column": 2
            },
            "end": {
              "line": 19,
              "column": 31
            }
          },
          "loc": {
            "start": {
              "line": 19,
              "column": 59
            },
            "end": {
              "line": 19,
              "column": 63
            }
          }
        },
        "1": {
          "name": "(anonymous_3)",
          "decl": {
            "start": {
              "line": 21,
              "column": 24
            },
            "end": {
              "line": 21,
              "column": 35
            }
          },
          "loc": {
            "start": {
              "line": 21,
              "column": 37
            },
            "end": {
              "line": 34,
              "column": 3
            }
          }
        },
        "2": {
          "name": "(anonymous_4)",
          "decl": {
            "start": {
              "line": 41,
              "column": 12
            },
            "end": {
              "line": 41,
              "column": 13
            }
          },
          "loc": {
            "start": {
              "line": 41,
              "column": 38
            },
            "end": {
              "line": 66,
              "column": 3
            }
          }
        },
        "3": {
          "name": "(anonymous_5)",
          "decl": {
            "start": {
              "line": 73,
              "column": 12
            },
            "end": {
              "line": 73,
              "column": 13
            }
          },
          "loc": {
            "start": {
              "line": 73,
              "column": 38
            },
            "end": {
              "line": 115,
              "column": 3
            }
          }
        },
        "4": {
          "name": "(anonymous_6)",
          "decl": {
            "start": {
              "line": 120,
              "column": 18
            },
            "end": {
              "line": 120,
              "column": 19
            }
          },
          "loc": {
            "start": {
              "line": 120,
              "column": 43
            },
            "end": {
              "line": 122,
              "column": 3
            }
          }
        }
      },
      "branchMap": {
        "0": {
          "loc": {
            "start": {
              "line": 24,
              "column": 4
            },
            "end": {
              "line": 26,
              "column": null
            }
          },
          "type": "if",
          "locations": [
            {
              "start": {
                "line": 24,
                "column": 4
              },
              "end": {
                "line": 26,
                "column": null
              }
            },
            {
              "start": {
                "line": 24,
                "column": 4
              },
              "end": {
                "line": 26,
                "column": null
              }
            }
          ]
        },
        "1": {
          "loc": {
            "start": {
              "line": 43,
              "column": 4
            },
            "end": {
              "line": 45,
              "column": null
            }
          },
          "type": "if",
          "locations": [
            {
              "start": {
                "line": 43,
                "column": 4
              },
              "end": {
                "line": 45,
                "column": null
              }
            },
            {
              "start": {
                "line": 43,
                "column": 4
              },
              "end": {
                "line": 45,
                "column": null
              }
            }
          ]
        },
        "2": {
          "loc": {
            "start": {
              "line": 75,
              "column": 4
            },
            "end": {
              "line": 77,
              "column": null
            }
          },
          "type": "if",
          "locations": [
            {
              "start": {
                "line": 75,
                "column": 4
              },
              "end": {
                "line": 77,
                "column": null
              }
            },
            {
              "start": {
                "line": 75,
                "column": 4
              },
              "end": {
                "line": 77,
                "column": null
              }
            }
          ]
        },
        "3": {
          "loc": {
            "start": {
              "line": 105,
              "column": 22
            },
            "end": {
              "line": 105,
              "column": 46
            }
          },
          "type": "binary-expr",
          "locations": [
            {
              "start": {
                "line": 105,
                "column": 22
              },
              "end": {
                "line": 105,
                "column": 46
              }
            },
            {
              "start": {
                "line": 105,
                "column": 50
              },
              "end": {
                "line": 105,
                "column": 52
              }
            }
          ]
        }
      },
      "s": {
        "0": 2,
        "1": 2,
        "2": 2,
        "3": 2,
        "4": 2,
        "5": 2,
        "6": 2,
        "7": 2,
        "8": 2,
        "9": 2,
        "10": 2,
        "11": 0,
        "12": 2,
        "13": 2,
        "14": 2,
        "15": 2,
        "16": 2,
        "17": 1,
        "18": 0,
        "19": 1,
        "20": 1,
        "21": 1,
        "22": 1,
        "23": 1,
        "24": 1,
        "25": 1,
        "26": 1,
        "27": 2,
        "28": 1,
        "29": 0,
        "30": 1,
        "31": 1,
        "32": 1,
        "33": 1,
        "34": 1,
        "35": 1,
        "36": 1,
        "37": 1,
        "38": 1,
        "39": 1,
        "40": 1,
        "41": 1,
        "42": 1,
        "43": 1,
        "44": 1,
        "45": 1,
        "46": 2,
        "47": 0,
        "48": 2,
        "49": 2,
        "50": 2,
        "51": 2,
        "52": 2,
        "53": 2
      },
      "f": {
        "0": 2,
        "1": 2,
        "2": 1,
        "3": 1,
        "4": 0
      },
      "b": {
        "0": [
          0,
          2
        ],
        "1": [
          0,
          1
        ],
        "2": [
          0,
          1
        ],
        "3": [
          1,
          0
        ]
      }
    },
    "/home/tcronin/src/node-101/src/config/configuration.ts": {
      "path": "/home/tcronin/src/node-101/src/config/configuration.ts",
      "statementMap": {
        "0": {
          "start": {
            "line": 1,
            "column": 0
          },
          "end": {
            "line": 1,
            "column": 25
          }
        },
        "1": {
          "start": {
            "line": 3,
            "column": 0
          },
          "end": {
            "line": 3,
            "column": 32
          }
        },
        "2": {
          "start": {
            "line": 4,
            "column": 0
          },
          "end": {
            "line": 4,
            "column": 28
          }
        },
        "3": {
          "start": {
            "line": 6,
            "column": 12
          },
          "end": {
            "line": 6,
            "column": 32
          }
        },
        "4": {
          "start": {
            "line": 8,
            "column": 25
          },
          "end": {
            "line": 8,
            "column": 52
          }
        },
        "5": {
          "start": {
            "line": 10,
            "column": 24
          },
          "end": {
            "line": 10,
            "column": 55
          }
        },
        "6": {
          "start": {
            "line": 12,
            "column": 0
          },
          "end": {
            "line": 28,
            "column": 2
          }
        },
        "7": {
          "start": {
            "line": 13,
            "column": 21
          },
          "end": {
            "line": 13,
            "column": 53
          }
        },
        "8": {
          "start": {
            "line": 17,
            "column": 2
          },
          "end": {
            "line": 27,
            "column": null
          }
        },
        "9": {
          "start": {
            "line": 18,
            "column": 4
          },
          "end": {
            "line": 21,
            "column": 6
          }
        },
        "10": {
          "start": {
            "line": 23,
            "column": 4
          },
          "end": {
            "line": 23,
            "column": 75
          }
        },
        "11": {
          "start": {
            "line": 24,
            "column": 4
          },
          "end": {
            "line": 26,
            "column": 33
          }
        }
      },
      "fnMap": {
        "0": {
          "name": "(anonymous_0)",
          "decl": {
            "start": {
              "line": 12,
              "column": 15
            },
            "end": {
              "line": 12,
              "column": 43
            }
          },
          "loc": {
            "start": {
              "line": 12,
              "column": 45
            },
            "end": {
              "line": 28,
              "column": 1
            }
          }
        }
      },
      "branchMap": {
        "0": {
          "loc": {
            "start": {
              "line": 17,
              "column": 2
            },
            "end": {
              "line": 27,
              "column": null
            }
          },
          "type": "if",
          "locations": [
            {
              "start": {
                "line": 17,
                "column": 2
              },
              "end": {
                "line": 27,
                "column": null
              }
            },
            {
              "start": {
                "line": 17,
                "column": 2
              },
              "end": {
                "line": 27,
                "column": null
              }
            }
          ]
        }
      },
      "s": {
        "0": 2,
        "1": 2,
        "2": 2,
        "3": 2,
        "4": 2,
        "5": 2,
        "6": 2,
        "7": 2,
        "8": 2,
        "9": 0,
        "10": 2,
        "11": 2
      },
      "f": {
        "0": 2
      },
      "b": {
        "0": [
          0,
          2
        ]
      }
    }
  }
}